<?xml version="1.0" encoding="UTF-8"?>
<testsuite xmlns:xsi="http://www.w3.org/2001/XMLSchema-instance" xsi:noNamespaceSchemaLocation="https://maven.apache.org/surefire/maven-surefire-plugin/xsd/surefire-test-report-3.0.xsd" version="3.0" name="TestSuite" time="2.647" tests="35" errors="0" skipped="0" failures="35">
  <properties>
    <property name="sun.desktop" value="windows"/>
    <property name="awt.toolkit" value="sun.awt.windows.WToolkit"/>
    <property name="fileName" value=""/>
    <property name="file.encoding.pkg" value="sun.io"/>
    <property name="java.specification.version" value="1.8"/>
    <property name="sun.cpu.isalist" value="amd64"/>
    <property name="sun.jnu.encoding" value="Cp1252"/>
    <property name="java.class.path" value="C:\Users\enlil.tom\IdeaProjects\boxytest\target\test-classes;C:\Users\enlil.tom\IdeaProjects\boxytest\target\classes;C:\Users\enlil.tom\.m2\repository\org\seleniumhq\selenium\selenium-java\3.141.59\selenium-java-3.141.59.jar;C:\Users\enlil.tom\.m2\repository\org\seleniumhq\selenium\selenium-api\3.141.59\selenium-api-3.141.59.jar;C:\Users\enlil.tom\.m2\repository\org\seleniumhq\selenium\selenium-chrome-driver\3.141.59\selenium-chrome-driver-3.141.59.jar;C:\Users\enlil.tom\.m2\repository\org\seleniumhq\selenium\selenium-edge-driver\3.141.59\selenium-edge-driver-3.141.59.jar;C:\Users\enlil.tom\.m2\repository\org\seleniumhq\selenium\selenium-firefox-driver\3.141.59\selenium-firefox-driver-3.141.59.jar;C:\Users\enlil.tom\.m2\repository\org\seleniumhq\selenium\selenium-ie-driver\3.141.59\selenium-ie-driver-3.141.59.jar;C:\Users\enlil.tom\.m2\repository\org\seleniumhq\selenium\selenium-opera-driver\3.141.59\selenium-opera-driver-3.141.59.jar;C:\Users\enlil.tom\.m2\repository\org\seleniumhq\selenium\selenium-remote-driver\3.141.59\selenium-remote-driver-3.141.59.jar;C:\Users\enlil.tom\.m2\repository\org\seleniumhq\selenium\selenium-safari-driver\3.141.59\selenium-safari-driver-3.141.59.jar;C:\Users\enlil.tom\.m2\repository\org\seleniumhq\selenium\selenium-support\3.141.59\selenium-support-3.141.59.jar;C:\Users\enlil.tom\.m2\repository\net\bytebuddy\byte-buddy\1.8.15\byte-buddy-1.8.15.jar;C:\Users\enlil.tom\.m2\repository\org\apache\commons\commons-exec\1.3\commons-exec-1.3.jar;C:\Users\enlil.tom\.m2\repository\com\google\guava\guava\25.0-jre\guava-25.0-jre.jar;C:\Users\enlil.tom\.m2\repository\com\google\code\findbugs\jsr305\1.3.9\jsr305-1.3.9.jar;C:\Users\enlil.tom\.m2\repository\org\checkerframework\checker-compat-qual\2.0.0\checker-compat-qual-2.0.0.jar;C:\Users\enlil.tom\.m2\repository\com\google\errorprone\error_prone_annotations\2.1.3\error_prone_annotations-2.1.3.jar;C:\Users\enlil.tom\.m2\repository\com\google\j2objc\j2objc-annotations\1.1\j2objc-annotations-1.1.jar;C:\Users\enlil.tom\.m2\repository\org\codehaus\mojo\animal-sniffer-annotations\1.14\animal-sniffer-annotations-1.14.jar;C:\Users\enlil.tom\.m2\repository\com\squareup\okhttp3\okhttp\3.11.0\okhttp-3.11.0.jar;C:\Users\enlil.tom\.m2\repository\com\squareup\okio\okio\1.14.0\okio-1.14.0.jar;C:\Users\enlil.tom\.m2\repository\io\rest-assured\rest-assured\3.0.0\rest-assured-3.0.0.jar;C:\Users\enlil.tom\.m2\repository\org\codehaus\groovy\groovy\2.4.6\groovy-2.4.6.jar;C:\Users\enlil.tom\.m2\repository\org\codehaus\groovy\groovy-xml\2.4.6\groovy-xml-2.4.6.jar;C:\Users\enlil.tom\.m2\repository\org\apache\httpcomponents\httpclient\4.5.2\httpclient-4.5.2.jar;C:\Users\enlil.tom\.m2\repository\org\apache\httpcomponents\httpcore\4.4.4\httpcore-4.4.4.jar;C:\Users\enlil.tom\.m2\repository\commons-logging\commons-logging\1.2\commons-logging-1.2.jar;C:\Users\enlil.tom\.m2\repository\org\apache\httpcomponents\httpmime\4.5.1\httpmime-4.5.1.jar;C:\Users\enlil.tom\.m2\repository\org\hamcrest\hamcrest-core\1.3\hamcrest-core-1.3.jar;C:\Users\enlil.tom\.m2\repository\org\hamcrest\hamcrest-library\1.3\hamcrest-library-1.3.jar;C:\Users\enlil.tom\.m2\repository\org\ccil\cowan\tagsoup\tagsoup\1.2.1\tagsoup-1.2.1.jar;C:\Users\enlil.tom\.m2\repository\io\rest-assured\json-path\3.0.0\json-path-3.0.0.jar;C:\Users\enlil.tom\.m2\repository\org\codehaus\groovy\groovy-json\2.4.6\groovy-json-2.4.6.jar;C:\Users\enlil.tom\.m2\repository\io\rest-assured\rest-assured-common\3.0.0\rest-assured-common-3.0.0.jar;C:\Users\enlil.tom\.m2\repository\io\rest-assured\xml-path\3.0.0\xml-path-3.0.0.jar;C:\Users\enlil.tom\.m2\repository\org\json\json\20090211\json-20090211.jar;C:\Users\enlil.tom\.m2\repository\org\apache\poi\poi\3.9\poi-3.9.jar;C:\Users\enlil.tom\.m2\repository\commons-codec\commons-codec\1.5\commons-codec-1.5.jar;C:\Users\enlil.tom\.m2\repository\org\apache\poi\poi-ooxml\3.9\poi-ooxml-3.9.jar;C:\Users\enlil.tom\.m2\repository\org\apache\poi\poi-ooxml-schemas\3.9\poi-ooxml-schemas-3.9.jar;C:\Users\enlil.tom\.m2\repository\org\apache\xmlbeans\xmlbeans\2.3.0\xmlbeans-2.3.0.jar;C:\Users\enlil.tom\.m2\repository\stax\stax-api\1.0.1\stax-api-1.0.1.jar;C:\Users\enlil.tom\.m2\repository\dom4j\dom4j\1.6.1\dom4j-1.6.1.jar;C:\Users\enlil.tom\.m2\repository\xml-apis\xml-apis\1.0.b2\xml-apis-1.0.b2.jar;C:\Users\enlil.tom\.m2\repository\com\opencsv\opencsv\3.3\opencsv-3.3.jar;C:\Users\enlil.tom\.m2\repository\org\apache\commons\commons-lang3\3.3.2\commons-lang3-3.3.2.jar;C:\Users\enlil.tom\.m2\repository\commons-io\commons-io\1.3.2\commons-io-1.3.2.jar;C:\Users\enlil.tom\.m2\repository\com\relevantcodes\extentreports\2.41.2\extentreports-2.41.2.jar;C:\Users\enlil.tom\.m2\repository\org\jsoup\jsoup\1.8.3\jsoup-1.8.3.jar;C:\Users\enlil.tom\.m2\repository\org\xerial\sqlite-jdbc\3.8.11.1\sqlite-jdbc-3.8.11.1.jar;C:\Users\enlil.tom\.m2\repository\org\freemarker\freemarker\2.3.23\freemarker-2.3.23.jar;C:\Users\enlil.tom\.m2\repository\org\mongodb\mongodb-driver\3.0.4\mongodb-driver-3.0.4.jar;C:\Users\enlil.tom\.m2\repository\org\mongodb\bson\3.0.4\bson-3.0.4.jar;C:\Users\enlil.tom\.m2\repository\org\mongodb\mongodb-driver-core\3.0.4\mongodb-driver-core-3.0.4.jar;C:\Users\enlil.tom\.m2\repository\org\testng\testng\6.14.3\testng-6.14.3.jar;C:\Users\enlil.tom\.m2\repository\com\beust\jcommander\1.72\jcommander-1.72.jar;C:\Users\enlil.tom\.m2\repository\org\apache-extras\beanshell\bsh\2.0b6\bsh-2.0b6.jar;C:\Users\enlil.tom\.m2\repository\junit\junit\4.12\junit-4.12.jar;"/>
    <property name="java.vm.vendor" value="Oracle Corporation"/>
    <property name="sun.arch.data.model" value="64"/>
    <property name="user.variant" value=""/>
    <property name="java.vendor.url" value="http://java.oracle.com/"/>
    <property name="user.timezone" value="America/New_York"/>
    <property name="java.vm.specification.version" value="1.8"/>
    <property name="os.name" value="Windows 10"/>
    <property name="user.country" value="CA"/>
    <property name="sun.java.launcher" value="SUN_STANDARD"/>
    <property name="sun.boot.library.path" value="C:\Program Files\Java\jdk1.8.0_201\jre\bin"/>
    <property name="sun.java.command" value="C:\Users\enlil.tom\AppData\Local\Temp\surefire6509825771134968313\surefirebooter4571989846695147897.jar C:\Users\enlil.tom\AppData\Local\Temp\surefire6509825771134968313 2019-09-06T15-23-58_012-jvmRun1 surefire3173796974205215983tmp surefire_05450731393765628702tmp"/>
    <property name="surefire.test.class.path" value="C:\Users\enlil.tom\IdeaProjects\boxytest\target\test-classes;C:\Users\enlil.tom\IdeaProjects\boxytest\target\classes;C:\Users\enlil.tom\.m2\repository\org\seleniumhq\selenium\selenium-java\3.141.59\selenium-java-3.141.59.jar;C:\Users\enlil.tom\.m2\repository\org\seleniumhq\selenium\selenium-api\3.141.59\selenium-api-3.141.59.jar;C:\Users\enlil.tom\.m2\repository\org\seleniumhq\selenium\selenium-chrome-driver\3.141.59\selenium-chrome-driver-3.141.59.jar;C:\Users\enlil.tom\.m2\repository\org\seleniumhq\selenium\selenium-edge-driver\3.141.59\selenium-edge-driver-3.141.59.jar;C:\Users\enlil.tom\.m2\repository\org\seleniumhq\selenium\selenium-firefox-driver\3.141.59\selenium-firefox-driver-3.141.59.jar;C:\Users\enlil.tom\.m2\repository\org\seleniumhq\selenium\selenium-ie-driver\3.141.59\selenium-ie-driver-3.141.59.jar;C:\Users\enlil.tom\.m2\repository\org\seleniumhq\selenium\selenium-opera-driver\3.141.59\selenium-opera-driver-3.141.59.jar;C:\Users\enlil.tom\.m2\repository\org\seleniumhq\selenium\selenium-remote-driver\3.141.59\selenium-remote-driver-3.141.59.jar;C:\Users\enlil.tom\.m2\repository\org\seleniumhq\selenium\selenium-safari-driver\3.141.59\selenium-safari-driver-3.141.59.jar;C:\Users\enlil.tom\.m2\repository\org\seleniumhq\selenium\selenium-support\3.141.59\selenium-support-3.141.59.jar;C:\Users\enlil.tom\.m2\repository\net\bytebuddy\byte-buddy\1.8.15\byte-buddy-1.8.15.jar;C:\Users\enlil.tom\.m2\repository\org\apache\commons\commons-exec\1.3\commons-exec-1.3.jar;C:\Users\enlil.tom\.m2\repository\com\google\guava\guava\25.0-jre\guava-25.0-jre.jar;C:\Users\enlil.tom\.m2\repository\com\google\code\findbugs\jsr305\1.3.9\jsr305-1.3.9.jar;C:\Users\enlil.tom\.m2\repository\org\checkerframework\checker-compat-qual\2.0.0\checker-compat-qual-2.0.0.jar;C:\Users\enlil.tom\.m2\repository\com\google\errorprone\error_prone_annotations\2.1.3\error_prone_annotations-2.1.3.jar;C:\Users\enlil.tom\.m2\repository\com\google\j2objc\j2objc-annotations\1.1\j2objc-annotations-1.1.jar;C:\Users\enlil.tom\.m2\repository\org\codehaus\mojo\animal-sniffer-annotations\1.14\animal-sniffer-annotations-1.14.jar;C:\Users\enlil.tom\.m2\repository\com\squareup\okhttp3\okhttp\3.11.0\okhttp-3.11.0.jar;C:\Users\enlil.tom\.m2\repository\com\squareup\okio\okio\1.14.0\okio-1.14.0.jar;C:\Users\enlil.tom\.m2\repository\io\rest-assured\rest-assured\3.0.0\rest-assured-3.0.0.jar;C:\Users\enlil.tom\.m2\repository\org\codehaus\groovy\groovy\2.4.6\groovy-2.4.6.jar;C:\Users\enlil.tom\.m2\repository\org\codehaus\groovy\groovy-xml\2.4.6\groovy-xml-2.4.6.jar;C:\Users\enlil.tom\.m2\repository\org\apache\httpcomponents\httpclient\4.5.2\httpclient-4.5.2.jar;C:\Users\enlil.tom\.m2\repository\org\apache\httpcomponents\httpcore\4.4.4\httpcore-4.4.4.jar;C:\Users\enlil.tom\.m2\repository\commons-logging\commons-logging\1.2\commons-logging-1.2.jar;C:\Users\enlil.tom\.m2\repository\org\apache\httpcomponents\httpmime\4.5.1\httpmime-4.5.1.jar;C:\Users\enlil.tom\.m2\repository\org\hamcrest\hamcrest-core\1.3\hamcrest-core-1.3.jar;C:\Users\enlil.tom\.m2\repository\org\hamcrest\hamcrest-library\1.3\hamcrest-library-1.3.jar;C:\Users\enlil.tom\.m2\repository\org\ccil\cowan\tagsoup\tagsoup\1.2.1\tagsoup-1.2.1.jar;C:\Users\enlil.tom\.m2\repository\io\rest-assured\json-path\3.0.0\json-path-3.0.0.jar;C:\Users\enlil.tom\.m2\repository\org\codehaus\groovy\groovy-json\2.4.6\groovy-json-2.4.6.jar;C:\Users\enlil.tom\.m2\repository\io\rest-assured\rest-assured-common\3.0.0\rest-assured-common-3.0.0.jar;C:\Users\enlil.tom\.m2\repository\io\rest-assured\xml-path\3.0.0\xml-path-3.0.0.jar;C:\Users\enlil.tom\.m2\repository\org\json\json\20090211\json-20090211.jar;C:\Users\enlil.tom\.m2\repository\org\apache\poi\poi\3.9\poi-3.9.jar;C:\Users\enlil.tom\.m2\repository\commons-codec\commons-codec\1.5\commons-codec-1.5.jar;C:\Users\enlil.tom\.m2\repository\org\apache\poi\poi-ooxml\3.9\poi-ooxml-3.9.jar;C:\Users\enlil.tom\.m2\repository\org\apache\poi\poi-ooxml-schemas\3.9\poi-ooxml-schemas-3.9.jar;C:\Users\enlil.tom\.m2\repository\org\apache\xmlbeans\xmlbeans\2.3.0\xmlbeans-2.3.0.jar;C:\Users\enlil.tom\.m2\repository\stax\stax-api\1.0.1\stax-api-1.0.1.jar;C:\Users\enlil.tom\.m2\repository\dom4j\dom4j\1.6.1\dom4j-1.6.1.jar;C:\Users\enlil.tom\.m2\repository\xml-apis\xml-apis\1.0.b2\xml-apis-1.0.b2.jar;C:\Users\enlil.tom\.m2\repository\com\opencsv\opencsv\3.3\opencsv-3.3.jar;C:\Users\enlil.tom\.m2\repository\org\apache\commons\commons-lang3\3.3.2\commons-lang3-3.3.2.jar;C:\Users\enlil.tom\.m2\repository\commons-io\commons-io\1.3.2\commons-io-1.3.2.jar;C:\Users\enlil.tom\.m2\repository\com\relevantcodes\extentreports\2.41.2\extentreports-2.41.2.jar;C:\Users\enlil.tom\.m2\repository\org\jsoup\jsoup\1.8.3\jsoup-1.8.3.jar;C:\Users\enlil.tom\.m2\repository\org\xerial\sqlite-jdbc\3.8.11.1\sqlite-jdbc-3.8.11.1.jar;C:\Users\enlil.tom\.m2\repository\org\freemarker\freemarker\2.3.23\freemarker-2.3.23.jar;C:\Users\enlil.tom\.m2\repository\org\mongodb\mongodb-driver\3.0.4\mongodb-driver-3.0.4.jar;C:\Users\enlil.tom\.m2\repository\org\mongodb\bson\3.0.4\bson-3.0.4.jar;C:\Users\enlil.tom\.m2\repository\org\mongodb\mongodb-driver-core\3.0.4\mongodb-driver-core-3.0.4.jar;C:\Users\enlil.tom\.m2\repository\org\testng\testng\6.14.3\testng-6.14.3.jar;C:\Users\enlil.tom\.m2\repository\com\beust\jcommander\1.72\jcommander-1.72.jar;C:\Users\enlil.tom\.m2\repository\org\apache-extras\beanshell\bsh\2.0b6\bsh-2.0b6.jar;C:\Users\enlil.tom\.m2\repository\junit\junit\4.12\junit-4.12.jar;"/>
    <property name="sun.cpu.endian" value="little"/>
    <property name="user.home" value="C:\Users\enlil.tom"/>
    <property name="user.language" value="en"/>
    <property name="java.specification.vendor" value="Oracle Corporation"/>
    <property name="java.home" value="C:\Program Files\Java\jdk1.8.0_201\jre"/>
    <property name="basedir" value="C:\Users\enlil.tom\IdeaProjects\boxytest"/>
    <property name="file.separator" value="\"/>
    <property name="line.separator" value="&#10;"/>
    <property name="java.vm.specification.vendor" value="Oracle Corporation"/>
    <property name="java.specification.name" value="Java Platform API Specification"/>
    <property name="java.awt.graphicsenv" value="sun.awt.Win32GraphicsEnvironment"/>
    <property name="surefire.real.class.path" value="C:\Users\enlil.tom\AppData\Local\Temp\surefire6509825771134968313\surefirebooter4571989846695147897.jar"/>
    <property name="sun.boot.class.path" value="C:\Program Files\Java\jdk1.8.0_201\jre\lib\resources.jar;C:\Program Files\Java\jdk1.8.0_201\jre\lib\rt.jar;C:\Program Files\Java\jdk1.8.0_201\jre\lib\sunrsasign.jar;C:\Program Files\Java\jdk1.8.0_201\jre\lib\jsse.jar;C:\Program Files\Java\jdk1.8.0_201\jre\lib\jce.jar;C:\Program Files\Java\jdk1.8.0_201\jre\lib\charsets.jar;C:\Program Files\Java\jdk1.8.0_201\jre\lib\jfr.jar;C:\Program Files\Java\jdk1.8.0_201\jre\classes;C:\Program Files (x86)\Micro Focus\Sprinter\bin\java_shared\classes\jasmine.jar"/>
    <property name="user.script" value=""/>
    <property name="sun.management.compiler" value="HotSpot 64-Bit Tiered Compilers"/>
    <property name="java.runtime.version" value="1.8.0_201-b09"/>
    <property name="user.name" value="enlil.tom"/>
    <property name="path.separator" value=";"/>
    <property name="os.version" value="10.0"/>
    <property name="java.endorsed.dirs" value="C:\Program Files\Java\jdk1.8.0_201\jre\lib\endorsed"/>
    <property name="java.runtime.name" value="Java(TM) SE Runtime Environment"/>
    <property name="file.encoding" value="Cp1252"/>
    <property name="java.vm.name" value="Java HotSpot(TM) 64-Bit Server VM"/>
    <property name="localRepository" value="C:\Users\enlil.tom\.m2\repository"/>
    <property name="java.vendor.url.bug" value="http://bugreport.sun.com/bugreport/"/>
    <property name="java.io.tmpdir" value="C:\Users\enlil.tom\AppData\Local\Temp\"/>
    <property name="java.version" value="1.8.0_201"/>
    <property name="user.dir" value="C:\Users\enlil.tom\IdeaProjects\boxytest"/>
    <property name="os.arch" value="amd64"/>
    <property name="java.vm.specification.name" value="Java Virtual Machine Specification"/>
    <property name="java.awt.printerjob" value="sun.awt.windows.WPrinterJob"/>
    <property name="sun.os.patch.level" value=""/>
    <property name="java.library.path" value="C:\Program Files\Java\jdk1.8.0_201\jre\bin;C:\WINDOWS\Sun\Java\bin;C:\WINDOWS\system32;C:\WINDOWS;C:\Program Files (x86)\Common Files\Oracle\Java\javapath;C:\Program Files (x86)\Intel\Intel(R) Management Engine Components\iCLS\;C:\Program Files\Intel\Intel(R) Management Engine Components\iCLS\;C:\Windows\system32;C:\Windows;C:\Windows\System32\Wbem;C:\Windows\System32\WindowsPowerShell\v1.0\;C:\Windows\System32\OpenSSH\;C:\Program Files (x86)\Intel\Intel(R) Management Engine Components\DAL;C:\Program Files\Intel\Intel(R) Management Engine Components\DAL;C:\Program Files (x86)\NVIDIA Corporation\PhysX\Common;C:\WINDOWS\system32;C:\WINDOWS;C:\WINDOWS\System32\Wbem;C:\WINDOWS\System32\WindowsPowerShell\v1.0\;C:\WINDOWS\System32\OpenSSH\;C:\Program Files\Git\cmd;C:\Program Files\Java\jdk1.8.0_201\bin;C:\Program Files\apache-maven-3.6.0\bin;C:\WebDrivers;C:\Program Files\nodejs\;C:\Program Files\Mobile Center Connector\connector\android-sdk-windows\platform-tools;C:\Users\enlil.tom\AppData\Local\Android\Sdk\platform-tools;C:\Users\enlil.tom\AppData\Local\Android\Sdk\tools;C:\Users\enlil.tom\AppData\Local\Android\Sdk\tools\bin;C:\Program Files (x86)\Micro Focus\LeanFT\SDK\Maven;C:\Users\enlil.tom\Maven;C:\Program Files (x86)\Micro Focus\LeanFT\bin;C:\apache-jmeter-5.1.1\bin;C:\Users\enlil.tom\AppData\Local\Microsoft\WindowsApps;C:\Program Files\JetBrains\IntelliJ IDEA Community Edition 2018.3.5\bin;;C:\Users\enlil.tom\AppData\Roaming\npm;C:\Program Files (x86)\Micro Focus\LeanFT\SDK\Maven;C:\Users\enlil.tom\Maven;;C:\Users\enlil.tom\AppData\Local\Programs\Fiddler;."/>
    <property name="java.vm.info" value="mixed mode"/>
    <property name="java.vendor" value="Oracle Corporation"/>
    <property name="java.vm.version" value="25.201-b09"/>
    <property name="java.ext.dirs" value="C:\Program Files\Java\jdk1.8.0_201\jre\lib\ext;C:\WINDOWS\Sun\Java\lib\ext"/>
    <property name="sun.io.unicode.encoding" value="UnicodeLittle"/>
    <property name="java.class.version" value="52.0"/>
  </properties>
  <testcase name="verifyTaxRate" classname="AppTest" time="0.986">
    <failure message="Target host is null" type="java.lang.IllegalStateException">java.lang.IllegalStateException: Target host is null
	at AppTest.verifyTaxRate(AppTest.java:72)
</failure>
    <system-out><![CDATA[...
... TestNG 6.14.3 by Cédric Beust (cedric@beust.com)
...

]]></system-out>
  </testcase>
  <testcase name="verifyTaxRate" classname="AppTest" time="0.006">
    <failure message="Target host is null" type="java.lang.IllegalStateException">java.lang.IllegalStateException: Target host is null
	at AppTest.verifyTaxRate(AppTest.java:72)
</failure>
  </testcase>
  <testcase name="verifyTaxRate" classname="AppTest" time="0.007">
    <failure message="Target host is null" type="java.lang.IllegalStateException">java.lang.IllegalStateException: Target host is null
	at AppTest.verifyTaxRate(AppTest.java:72)
</failure>
  </testcase>
  <testcase name="verifyTaxRate" classname="AppTest" time="0.008">
    <failure message="Target host is null" type="java.lang.IllegalStateException">java.lang.IllegalStateException: Target host is null
	at AppTest.verifyTaxRate(AppTest.java:72)
</failure>
  </testcase>
  <testcase name="verifyTaxRate" classname="AppTest" time="0.006">
    <failure message="Target host is null" type="java.lang.IllegalStateException">java.lang.IllegalStateException: Target host is null
	at AppTest.verifyTaxRate(AppTest.java:72)
</failure>
  </testcase>
  <testcase name="verifyTaxRate" classname="AppTest" time="0.007">
    <failure message="Target host is null" type="java.lang.IllegalStateException">java.lang.IllegalStateException: Target host is null
	at AppTest.verifyTaxRate(AppTest.java:72)
</failure>
  </testcase>
  <testcase name="verifyTaxRate" classname="AppTest" time="0.006">
    <failure message="Target host is null" type="java.lang.IllegalStateException">java.lang.IllegalStateException: Target host is null
	at AppTest.verifyTaxRate(AppTest.java:72)
</failure>
  </testcase>
  <testcase name="verifyTaxRate" classname="AppTest" time="0.006">
    <failure message="Target host is null" type="java.lang.IllegalStateException">java.lang.IllegalStateException: Target host is null
	at AppTest.verifyTaxRate(AppTest.java:72)
</failure>
  </testcase>
  <testcase name="verifyTaxRate" classname="AppTest" time="0.005">
    <failure message="Target host is null" type="java.lang.IllegalStateException">java.lang.IllegalStateException: Target host is null
	at AppTest.verifyTaxRate(AppTest.java:72)
</failure>
  </testcase>
  <testcase name="verifyTaxRate" classname="AppTest" time="0.004">
    <failure message="Target host is null" type="java.lang.IllegalStateException">java.lang.IllegalStateException: Target host is null
	at AppTest.verifyTaxRate(AppTest.java:72)
</failure>
  </testcase>
  <testcase name="verifyTaxRate" classname="AppTest" time="0.004">
    <failure message="Target host is null" type="java.lang.IllegalStateException">java.lang.IllegalStateException: Target host is null
	at AppTest.verifyTaxRate(AppTest.java:72)
</failure>
  </testcase>
  <testcase name="verifyTaxRate" classname="AppTest" time="0.005">
    <failure message="Target host is null" type="java.lang.IllegalStateException">java.lang.IllegalStateException: Target host is null
	at AppTest.verifyTaxRate(AppTest.java:72)
</failure>
  </testcase>
  <testcase name="verifyTaxRate" classname="AppTest" time="0.005">
    <failure message="Target host is null" type="java.lang.IllegalStateException">java.lang.IllegalStateException: Target host is null
	at AppTest.verifyTaxRate(AppTest.java:72)
</failure>
  </testcase>
  <testcase name="verifyTaxRate" classname="AppTest" time="0.004">
    <failure message="Target host is null" type="java.lang.IllegalStateException">java.lang.IllegalStateException: Target host is null
	at AppTest.verifyTaxRate(AppTest.java:72)
</failure>
  </testcase>
  <testcase name="verifyTaxRate" classname="AppTest" time="0.015">
    <failure message="Target host is null" type="java.lang.IllegalStateException">java.lang.IllegalStateException: Target host is null
	at AppTest.verifyTaxRate(AppTest.java:72)
</failure>
  </testcase>
  <testcase name="verifyTaxRate" classname="AppTest" time="0.012">
    <failure message="Target host is null" type="java.lang.IllegalStateException">java.lang.IllegalStateException: Target host is null
	at AppTest.verifyTaxRate(AppTest.java:72)
</failure>
  </testcase>
  <testcase name="verifyTaxRate" classname="AppTest" time="0.004">
    <failure message="Target host is null" type="java.lang.IllegalStateException">java.lang.IllegalStateException: Target host is null
	at AppTest.verifyTaxRate(AppTest.java:72)
</failure>
  </testcase>
  <testcase name="verifyTaxRate" classname="AppTest" time="0.004">
    <failure message="Target host is null" type="java.lang.IllegalStateException">java.lang.IllegalStateException: Target host is null
	at AppTest.verifyTaxRate(AppTest.java:72)
</failure>
  </testcase>
  <testcase name="verifyTaxRate" classname="AppTest" time="0.004">
    <failure message="Target host is null" type="java.lang.IllegalStateException">java.lang.IllegalStateException: Target host is null
	at AppTest.verifyTaxRate(AppTest.java:72)
</failure>
  </testcase>
  <testcase name="verifyTaxRate" classname="AppTest" time="0.004">
    <failure message="Target host is null" type="java.lang.IllegalStateException">java.lang.IllegalStateException: Target host is null
	at AppTest.verifyTaxRate(AppTest.java:72)
</failure>
  </testcase>
  <testcase name="verifyTaxRate" classname="AppTest" time="0.004">
    <failure message="Target host is null" type="java.lang.IllegalStateException">java.lang.IllegalStateException: Target host is null
	at AppTest.verifyTaxRate(AppTest.java:72)
</failure>
  </testcase>
  <testcase name="verifyTaxRate" classname="AppTest" time="0.003">
    <failure message="Target host is null" type="java.lang.IllegalStateException">java.lang.IllegalStateException: Target host is null
	at AppTest.verifyTaxRate(AppTest.java:72)
</failure>
  </testcase>
  <testcase name="verifyTaxRate" classname="AppTest" time="0.004">
    <failure message="Target host is null" type="java.lang.IllegalStateException">java.lang.IllegalStateException: Target host is null
	at AppTest.verifyTaxRate(AppTest.java:72)
</failure>
  </testcase>
  <testcase name="verifyTaxRate" classname="AppTest" time="0.004">
    <failure message="Target host is null" type="java.lang.IllegalStateException">java.lang.IllegalStateException: Target host is null
	at AppTest.verifyTaxRate(AppTest.java:72)
</failure>
  </testcase>
  <testcase name="verifyTaxRate" classname="AppTest" time="0.003">
    <failure message="Target host is null" type="java.lang.IllegalStateException">java.lang.IllegalStateException: Target host is null
	at AppTest.verifyTaxRate(AppTest.java:72)
</failure>
  </testcase>
  <testcase name="verifyTaxRate" classname="AppTest" time="0.003">
    <failure message="Target host is null" type="java.lang.IllegalStateException">java.lang.IllegalStateException: Target host is null
	at AppTest.verifyTaxRate(AppTest.java:72)
</failure>
  </testcase>
  <testcase name="verifyTaxRate" classname="AppTest" time="0.003">
    <failure message="Target host is null" type="java.lang.IllegalStateException">java.lang.IllegalStateException: Target host is null
	at AppTest.verifyTaxRate(AppTest.java:72)
</failure>
  </testcase>
  <testcase name="verifyTaxRate" classname="AppTest" time="0.003">
    <failure message="Target host is null" type="java.lang.IllegalStateException">java.lang.IllegalStateException: Target host is null
	at AppTest.verifyTaxRate(AppTest.java:72)
</failure>
  </testcase>
  <testcase name="verifyTaxRate" classname="AppTest" time="0.003">
    <failure message="Target host is null" type="java.lang.IllegalStateException">java.lang.IllegalStateException: Target host is null
	at AppTest.verifyTaxRate(AppTest.java:72)
</failure>
  </testcase>
  <testcase name="verifyTaxRate" classname="AppTest" time="0.003">
    <failure message="Target host is null" type="java.lang.IllegalStateException">java.lang.IllegalStateException: Target host is null
	at AppTest.verifyTaxRate(AppTest.java:72)
</failure>
  </testcase>
  <testcase name="verifyTaxRate" classname="AppTest" time="0.003">
    <failure message="Target host is null" type="java.lang.IllegalStateException">java.lang.IllegalStateException: Target host is null
	at AppTest.verifyTaxRate(AppTest.java:72)
</failure>
  </testcase>
  <testcase name="verifyTaxRate" classname="AppTest" time="0.003">
    <failure message="Target host is null" type="java.lang.IllegalStateException">java.lang.IllegalStateException: Target host is null
	at AppTest.verifyTaxRate(AppTest.java:72)
</failure>
  </testcase>
  <testcase name="verifyTaxRate" classname="AppTest" time="0.002">
    <failure message="Target host is null" type="java.lang.IllegalStateException">java.lang.IllegalStateException: Target host is null
	at AppTest.verifyTaxRate(AppTest.java:72)
</failure>
  </testcase>
  <testcase name="verifyTaxRate" classname="AppTest" time="0.004">
    <failure message="Target host is null" type="java.lang.IllegalStateException">java.lang.IllegalStateException: Target host is null
	at AppTest.verifyTaxRate(AppTest.java:72)
</failure>
  </testcase>
  <testcase name="verifyTaxRate" classname="AppTest" time="0.003">
    <failure message="Target host is null" type="java.lang.IllegalStateException">java.lang.IllegalStateException: Target host is null
	at AppTest.verifyTaxRate(AppTest.java:72)
</failure>
  </testcase>
</testsuite>